
17:50:37.238 [info] Loading 148 CA(s) from :otp store

17:50:39.142 id=1 [debug] handled request client -> server initialize in 1234ms

17:50:39.226 [debug] handled notification client -> server textDocument/didOpen in 56ms

17:50:39.241 [debug] sent notification server -> client window/logMessage

17:50:39.294 [debug] NextLS v0.23.4 has initialized!

17:50:39.295 [debug] sent notification server -> client window/logMessage

17:50:39.295 [debug] Log file located at /home/bmoldy/Work/ProgrammingPractice/advent/lib/2015/.elixir-tools/next-ls.log

17:50:39.324 [debug] sent notification server -> client window/logMessage

17:50:39.324 [info] [extension] Credo initializing with options %NextLS.InitOpts.Extensions.Credo{enable: true, cli_options: []}

17:50:40.330 [debug] handled notification client -> server textDocument/didChange in 79ms

17:50:40.333 [debug] handled notification client -> server textDocument/didChange in 2ms

17:50:40.469 [debug] handled notification client -> server textDocument/didChange in 1ms

17:50:40.652 [debug] handled notification client -> server textDocument/didChange in 1ms

17:50:40.819 [debug] handled notification client -> server textDocument/didChange in 546µs

17:50:40.974 [debug] handled notification client -> server textDocument/didChange in 858µs

17:50:41.194 [debug] handled notification client -> server textDocument/didChange in 520µs

17:50:41.363 [debug] handled notification client -> server textDocument/didChange in 563µs

17:50:41.534 [debug] handled notification client -> server textDocument/didChange in 912µs

17:50:42.424 [debug] handled notification client -> server textDocument/didChange in 4ms

17:50:42.583 [debug] handled notification client -> server textDocument/didChange in 2ms

17:50:45.053 [debug] handled notification client -> server textDocument/didChange in 544µs

17:50:45.212 [debug] handled notification client -> server textDocument/didChange in 979µs

17:50:45.368 [debug] handled notification client -> server textDocument/didChange in 560µs

17:50:45.548 [debug] handled notification client -> server textDocument/didChange in 1ms

17:50:45.754 [debug] handled notification client -> server textDocument/didChange in 1ms

17:50:53.991 [debug] sent notification server -> client window/logMessage

17:50:53.991 [debug] Booting runtimes...

17:50:54.036 id=66 [debug] sent request server -> client window/workDoneProgress/create

17:50:54.155 [debug] sent notification server -> client $/progress

17:50:55.114 [debug] sent notification server -> client window/logMessage

17:50:55.114 [info] Beginning DB migration...

17:50:55.891 [debug] sent notification server -> client window/logMessage

17:50:55.891 [info] Database is being upgraded from version 0 to 7.

This will trigger a full recompilation in order to re-index your codebase.


17:50:55.900 [debug] sent notification server -> client window/logMessage

17:50:55.900 [info] Finished DB migration...

17:50:55.901 [debug] sent notification server -> client window/logMessage

17:50:55.902 [info] Booting runtime for advent.

- elixir: /home/bmoldy/.local/share/mise/installs/elixir/1.19.2-otp-28/bin/elixir
- zombie wrapper script: /home/bmoldy/.local/share/.burrito/next_ls_erts-15.2_0.23.4/lib/next_ls-0.23.4/priv/cmd
- working_dir: /home/bmoldy/Work/ProgrammingPractice/advent
- command: /home/bmoldy/.local/share/mise/installs/elixir/1.19.2-otp-28/bin/elixir --no-halt --sname nextls-runtime-1764373855901079430 --cookie HHYKTHK2JHVUZI3HDBMAF64GPJFPN4AV4Y7CQDE27SSFQKZPVAFQ==== -S mix loadpaths --no-compile

Environment: 

LSP=nextls
NEXTLS_PARENT_PID=g1h3Im5leHQtbHMtMTc2NDM3MzgzNzM1MzUxNDg5OUBibW9sZHkAAAD3AAAAAGkqNU4=
MIX_ENV=dev
MIX_TARGET=host
MIX_BUILD_ROOT=.elixir-tools/_build
ROOTDIR=false
BINDIR=false
RELEASE_ROOT=false
RELEASE_SYS_CONFIG=false
PATH=/home/bmoldy/.local/share/mise/installs/elixir/1.19.2-otp-28/bin:/home/bmoldy/.local/share/.burrito/next_ls_erts-15.2_0.23.4/bin:/home/bmoldy/.local/share/nvim/mason/bin:/home/bmoldy/Work/ProgrammingPractice/advent/lib/2015/bin:/home/bmoldy/.local/share/mise/installs/elixir/1.19.2-otp-28/bin:/home/bmoldy/.local/share/mise/installs/elixir/1.19.2-otp-28/.mix/escripts:/home/bmoldy/.local/share/mise/installs/erlang/28.1.1/bin:/home/bmoldy/.local/share/omarchy/bin/:/usr/local/sbin:/usr/local/bin:/usr/bin:/usr/lib/jvm/default/bin:/usr/bin/site_perl:/usr/bin/vendor_perl:/usr/bin/core_perl


17:50:55.907 [debug] handled notification client -> server initialized in 16737ms

17:50:57.256 [debug] sent notification server -> client window/logMessage

17:50:57.256 [info] Connected to node nextls-runtime-1764373855901079430@bmoldy

17:51:00.381 [debug] sent notification server -> client $/progress

17:51:00.389 [debug] sent notification server -> client window/logMessage

17:51:00.391 [debug] Runtime for folder advent is ready...

17:51:00.398 id=803 [debug] sent request server -> client window/workDoneProgress/create

17:51:00.905 [debug] sent notification server -> client window/logMessage

17:51:00.905 [info] Compiling 1 file (.ex)


17:51:00.977 id=178 [debug] sent request server -> client window/workDoneProgress/create

17:51:01.150 [debug] sent notification server -> client $/progress

17:51:01.173 [debug] sent notification server -> client window/logMessage

17:51:01.173 [info] Generated advent app


17:51:01.186 [debug] sent notification server -> client $/progress

17:51:01.187 [debug] sent notification server -> client window/logMessage

17:51:01.187 [info] Compiled advent!

17:51:03.157 [debug] sent notification server -> client $/progress

17:51:03.157 [debug] sent notification server -> client $/progress

17:52:31.999 [debug] handled notification client -> server textDocument/didChange in 493µs

17:52:32.194 [debug] handled notification client -> server textDocument/didChange in 2ms

17:52:32.385 [debug] handled notification client -> server textDocument/didChange in 567µs

17:52:33.466 [debug] handled notification client -> server textDocument/didChange in 1ms

17:52:33.773 [debug] handled notification client -> server textDocument/didChange in 4ms

17:52:34.203 [debug] handled notification client -> server textDocument/didChange in 594µs

17:52:34.411 [debug] handled notification client -> server textDocument/didChange in 1ms

17:52:34.993 [debug] handled notification client -> server textDocument/didChange in 590µs

17:52:35.155 [debug] handled notification client -> server textDocument/didChange in 2ms

17:52:35.391 [debug] handled notification client -> server textDocument/didChange in 480µs

17:52:35.580 [debug] handled notification client -> server textDocument/didChange in 1ms

17:52:35.737 [debug] handled notification client -> server textDocument/didChange in 3ms

17:52:35.875 [debug] handled notification client -> server textDocument/didChange in 1ms

17:52:36.372 [debug] handled notification client -> server textDocument/didChange in 682µs

17:52:36.839 [debug] handled notification client -> server textDocument/didChange in 2ms

17:52:37.115 [debug] handled notification client -> server textDocument/didChange in 6ms

17:52:37.513 [debug] handled notification client -> server textDocument/didChange in 4ms

17:52:37.829 [debug] handled notification client -> server textDocument/didChange in 661µs

17:52:38.702 [debug] handled notification client -> server textDocument/didChange in 691µs

17:52:39.280 [debug] handled notification client -> server textDocument/didChange in 594µs

17:52:39.670 [debug] handled notification client -> server textDocument/didChange in 604µs

17:52:39.937 [debug] handled notification client -> server textDocument/didChange in 520µs

17:52:40.123 [debug] handled notification client -> server textDocument/didChange in 619µs

17:52:41.285 [debug] handled notification client -> server textDocument/didChange in 484µs

17:52:41.456 [debug] handled notification client -> server textDocument/didChange in 1ms

17:52:42.923 [debug] handled notification client -> server textDocument/didChange in 494µs

17:52:43.175 [debug] handled notification client -> server textDocument/didChange in 946µs

17:52:44.057 [debug] handled notification client -> server textDocument/didChange in 506µs

17:52:44.201 [debug] handled notification client -> server textDocument/didChange in 548µs

17:52:44.616 [debug] handled notification client -> server textDocument/didChange in 743µs

17:52:45.187 [debug] handled notification client -> server textDocument/didChange in 496µs

17:52:45.368 [debug] handled notification client -> server textDocument/didChange in 522µs

17:52:45.549 [debug] handled notification client -> server textDocument/didChange in 811µs

17:52:48.120 [debug] handled notification client -> server textDocument/didChange in 479µs

17:52:48.470 [debug] handled notification client -> server textDocument/didChange in 535µs

17:52:48.702 [debug] handled notification client -> server textDocument/didChange in 5ms

17:52:49.413 [debug] handled notification client -> server textDocument/didChange in 572µs

17:52:49.587 [debug] handled notification client -> server textDocument/didChange in 576µs

17:52:49.762 [debug] handled notification client -> server textDocument/didChange in 478µs

17:53:02.742 [debug] handled notification client -> server textDocument/didChange in 508µs

17:53:02.878 [debug] handled notification client -> server textDocument/didChange in 3ms

17:53:03.038 [debug] handled notification client -> server textDocument/didChange in 521µs

17:53:03.169 [debug] handled notification client -> server textDocument/didChange in 543µs

17:53:03.625 [debug] handled notification client -> server textDocument/didChange in 5ms

17:53:03.786 [debug] handled notification client -> server textDocument/didChange in 556µs

17:53:03.974 [debug] handled notification client -> server textDocument/didChange in 7ms

17:53:04.127 [debug] handled notification client -> server textDocument/didChange in 636µs

17:53:09.727 [debug] handled notification client -> server textDocument/didChange in 2ms

17:53:09.897 [debug] handled notification client -> server textDocument/didChange in 542µs

17:53:10.068 [debug] handled notification client -> server textDocument/didChange in 510µs

17:53:10.242 [debug] handled notification client -> server textDocument/didChange in 539µs

17:53:10.453 [debug] handled notification client -> server textDocument/didChange in 689µs

17:53:12.376 [debug] handled notification client -> server textDocument/didChange in 541µs

17:53:12.525 [debug] handled notification client -> server textDocument/didChange in 586µs

17:53:14.394 [debug] handled notification client -> server textDocument/didChange in 591µs

17:53:14.804 [debug] handled notification client -> server textDocument/didChange in 4ms

17:53:15.462 [debug] handled notification client -> server textDocument/didChange in 468µs

17:53:15.609 [debug] handled notification client -> server textDocument/didChange in 503µs

17:53:16.075 [debug] handled notification client -> server textDocument/didChange in 594µs

17:53:16.297 [debug] handled notification client -> server textDocument/didChange in 3ms

17:53:16.510 [debug] handled notification client -> server textDocument/didChange in 571µs

17:53:16.733 [debug] handled notification client -> server textDocument/didChange in 5ms

17:53:17.119 [debug] handled notification client -> server textDocument/didChange in 2ms

17:53:17.512 [debug] handled notification client -> server textDocument/didChange in 5ms

17:53:17.700 [debug] handled notification client -> server textDocument/didChange in 529µs

17:53:17.848 [debug] handled notification client -> server textDocument/didChange in 490µs

17:53:18.567 [debug] handled notification client -> server textDocument/didChange in 519µs

17:53:19.803 [debug] handled notification client -> server textDocument/didChange in 661µs

17:53:20.172 [debug] handled notification client -> server textDocument/didChange in 610µs

17:53:20.356 [debug] handled notification client -> server textDocument/didChange in 2ms

17:53:20.492 [debug] handled notification client -> server textDocument/didChange in 3ms

17:53:20.952 [debug] handled notification client -> server textDocument/didChange in 496µs

17:53:21.102 [debug] handled notification client -> server textDocument/didChange in 907µs

17:53:22.140 [debug] handled notification client -> server textDocument/didChange in 498µs

17:53:22.319 [debug] handled notification client -> server textDocument/didChange in 2ms

17:53:22.387 [debug] handled notification client -> server textDocument/didChange in 2ms

17:53:22.532 [debug] handled notification client -> server textDocument/didChange in 630µs

17:53:22.672 [debug] handled notification client -> server textDocument/didChange in 575µs

17:53:23.225 [debug] handled notification client -> server textDocument/didChange in 502µs

17:53:24.126 [debug] handled notification client -> server textDocument/didChange in 2ms

17:53:24.919 [debug] handled notification client -> server textDocument/didChange in 619µs

17:53:25.086 [debug] handled notification client -> server textDocument/didChange in 539µs

17:53:25.489 [debug] handled notification client -> server textDocument/didChange in 1ms

17:53:25.631 [debug] handled notification client -> server textDocument/didChange in 738µs

17:53:25.984 [debug] handled notification client -> server textDocument/didChange in 622µs

17:53:26.153 [debug] handled notification client -> server textDocument/didChange in 4ms

17:53:26.289 [debug] handled notification client -> server textDocument/didChange in 538µs

17:53:27.468 [debug] handled notification client -> server textDocument/didChange in 3ms

17:53:27.605 [debug] handled notification client -> server textDocument/didChange in 507µs

17:53:29.304 [debug] handled notification client -> server textDocument/didChange in 3ms

17:53:29.446 [debug] handled notification client -> server textDocument/didChange in 2ms

17:53:29.589 [debug] handled notification client -> server textDocument/didChange in 3ms

17:53:29.726 [debug] handled notification client -> server textDocument/didChange in 496µs

17:53:29.899 [debug] handled notification client -> server textDocument/didChange in 581µs

17:53:30.736 [debug] handled notification client -> server textDocument/didChange in 594µs

17:53:30.971 [debug] handled notification client -> server textDocument/didChange in 499µs

17:53:31.371 [debug] handled notification client -> server textDocument/didChange in 908µs

17:53:42.412 [debug] handled notification client -> server textDocument/didChange in 604µs

17:53:42.719 [debug] handled notification client -> server textDocument/didChange in 545µs

17:53:42.958 [debug] handled notification client -> server textDocument/didChange in 558µs

17:53:43.096 [debug] handled notification client -> server textDocument/didChange in 600µs

17:53:43.437 [debug] handled notification client -> server textDocument/didChange in 838µs

17:53:43.978 [debug] handled notification client -> server textDocument/didChange in 2ms

17:53:44.108 [debug] handled notification client -> server textDocument/didChange in 601µs

17:53:44.237 [debug] handled notification client -> server textDocument/didChange in 1ms

17:53:44.411 [debug] handled notification client -> server textDocument/didChange in 665µs

17:53:46.150 [debug] handled notification client -> server textDocument/didChange in 576µs

17:53:46.278 [debug] handled notification client -> server textDocument/didChange in 580µs

17:53:47.387 [debug] handled notification client -> server textDocument/didChange in 534µs

17:53:47.596 [debug] handled notification client -> server textDocument/didChange in 570µs

17:53:47.859 [debug] handled notification client -> server textDocument/didChange in 549µs

17:53:48.034 [debug] handled notification client -> server textDocument/didChange in 3ms

17:53:48.220 [debug] handled notification client -> server textDocument/didChange in 612µs

17:53:58.907 [debug] handled notification client -> server textDocument/didChange in 525µs

17:53:59.732 [debug] handled notification client -> server textDocument/didChange in 9ms

17:54:01.291 [debug] handled notification client -> server textDocument/didChange in 956µs

17:54:04.122 [debug] handled notification client -> server textDocument/didChange in 553µs

17:54:04.373 [debug] handled notification client -> server textDocument/didChange in 3ms

17:54:04.510 [debug] handled notification client -> server textDocument/didChange in 1ms

17:54:04.675 [debug] handled notification client -> server textDocument/didChange in 3ms

17:54:07.036 [debug] handled notification client -> server textDocument/didChange in 546µs

17:54:07.190 [debug] handled notification client -> server textDocument/didChange in 509µs

17:54:07.363 [debug] handled notification client -> server textDocument/didChange in 714µs

17:54:07.495 [debug] handled notification client -> server textDocument/didChange in 542µs

17:54:07.674 [debug] handled notification client -> server textDocument/didChange in 749µs

17:54:08.021 [debug] handled notification client -> server textDocument/didChange in 1ms

17:54:08.211 [debug] handled notification client -> server textDocument/didChange in 579µs

17:54:08.382 [debug] handled notification client -> server textDocument/didChange in 818µs

17:54:08.531 [debug] handled notification client -> server textDocument/didChange in 596µs

17:54:09.308 [debug] handled notification client -> server textDocument/didChange in 553µs

17:54:09.938 [debug] handled notification client -> server textDocument/didChange in 541µs

17:54:10.107 [debug] handled notification client -> server textDocument/didChange in 5ms

17:54:10.256 [debug] handled notification client -> server textDocument/didChange in 1ms

17:54:10.451 [debug] handled notification client -> server textDocument/didChange in 3ms

17:54:10.784 [debug] handled notification client -> server textDocument/didChange in 4ms

17:54:11.632 [debug] handled notification client -> server textDocument/didChange in 1ms

17:54:11.781 [debug] handled notification client -> server textDocument/didChange in 6ms

17:54:12.449 [debug] handled notification client -> server textDocument/didChange in 695µs

17:54:12.668 [debug] handled notification client -> server textDocument/didChange in 525µs

17:54:12.810 [debug] handled notification client -> server textDocument/didChange in 6ms

17:54:12.939 [debug] handled notification client -> server textDocument/didChange in 600µs

17:54:13.107 [debug] handled notification client -> server textDocument/didChange in 7ms

17:54:17.469 [debug] handled notification client -> server textDocument/didChange in 1ms

17:54:17.650 [debug] handled notification client -> server textDocument/didChange in 970µs

17:54:17.866 [debug] handled notification client -> server textDocument/didChange in 703µs

17:54:18.028 [debug] handled notification client -> server textDocument/didChange in 683µs

17:54:18.341 [debug] handled notification client -> server textDocument/didChange in 599µs

17:54:18.575 [debug] handled notification client -> server textDocument/didChange in 671µs

17:54:18.824 [debug] handled notification client -> server textDocument/didChange in 554µs

17:54:18.976 [debug] handled notification client -> server textDocument/didChange in 1ms

17:54:20.418 [debug] handled notification client -> server textDocument/didChange in 1ms

17:54:20.808 [debug] handled notification client -> server textDocument/didChange in 713µs

17:54:20.954 [debug] handled notification client -> server textDocument/didChange in 574µs

17:54:21.120 [debug] handled notification client -> server textDocument/didChange in 588µs

17:54:21.249 [debug] handled notification client -> server textDocument/didChange in 579µs

17:54:21.387 [debug] handled notification client -> server textDocument/didChange in 1ms

17:54:21.953 [debug] handled notification client -> server textDocument/didChange in 519µs

17:54:22.590 [debug] handled notification client -> server textDocument/didChange in 601µs

17:54:22.826 [debug] handled notification client -> server textDocument/didChange in 659µs

17:54:23.005 [debug] handled notification client -> server textDocument/didChange in 2ms

17:54:23.406 [debug] handled notification client -> server textDocument/didChange in 8ms

17:54:23.663 [debug] handled notification client -> server textDocument/didChange in 3ms

17:54:23.803 [debug] handled notification client -> server textDocument/didChange in 3ms

17:54:25.167 [debug] handled notification client -> server textDocument/didChange in 1ms

17:54:25.290 [debug] handled notification client -> server textDocument/didChange in 571µs

17:54:25.429 [debug] handled notification client -> server textDocument/didChange in 1ms

17:54:28.600 [debug] handled notification client -> server textDocument/didChange in 651µs

17:54:28.701 [debug] handled notification client -> server textDocument/didChange in 1ms

17:54:28.904 [debug] handled notification client -> server textDocument/didChange in 4ms

17:54:29.050 [debug] handled notification client -> server textDocument/didChange in 2ms

17:54:29.193 [debug] handled notification client -> server textDocument/didChange in 705µs

17:54:29.344 [debug] handled notification client -> server textDocument/didChange in 1ms

17:54:29.536 [debug] handled notification client -> server textDocument/didChange in 677µs

17:54:30.704 [debug] handled notification client -> server textDocument/didChange in 5ms

17:54:30.832 [debug] handled notification client -> server textDocument/didChange in 580µs

17:54:31.536 [debug] handled notification client -> server textDocument/didChange in 580µs

17:54:31.744 [debug] handled notification client -> server textDocument/didChange in 622µs

17:54:31.910 [debug] handled notification client -> server textDocument/didChange in 569µs

17:54:32.048 [debug] handled notification client -> server textDocument/didChange in 686µs

17:54:32.264 [debug] handled notification client -> server textDocument/didChange in 5ms

17:54:33.605 [debug] handled notification client -> server textDocument/didChange in 652µs

17:54:33.980 [debug] handled notification client -> server textDocument/didChange in 1ms

17:54:34.435 [debug] handled notification client -> server textDocument/didChange in 2ms

17:54:35.118 [debug] handled notification client -> server textDocument/didChange in 2ms

17:54:36.081 [debug] handled notification client -> server textDocument/didChange in 569µs

17:54:36.588 [debug] handled notification client -> server textDocument/didChange in 871µs

17:54:36.802 [debug] handled notification client -> server textDocument/didChange in 3ms

17:54:36.990 [debug] handled notification client -> server textDocument/didChange in 3ms

17:54:37.243 [debug] handled notification client -> server textDocument/didChange in 634µs

17:54:37.398 [debug] handled notification client -> server textDocument/didChange in 3ms

17:54:38.974 [debug] handled notification client -> server textDocument/didChange in 2ms

17:54:39.094 [debug] handled notification client -> server textDocument/didChange in 3ms

17:55:03.744 [debug] handled notification client -> server textDocument/didChange in 746µs

17:55:03.914 [debug] handled notification client -> server textDocument/didChange in 565µs

17:55:04.062 [debug] handled notification client -> server textDocument/didChange in 639µs

17:55:04.207 [debug] handled notification client -> server textDocument/didChange in 635µs

17:55:04.354 [debug] handled notification client -> server textDocument/didChange in 621µs

17:55:05.429 [debug] handled notification client -> server textDocument/didChange in 673µs

17:55:05.827 [debug] handled notification client -> server textDocument/didChange in 3ms

17:55:06.217 [debug] handled notification client -> server textDocument/didChange in 618µs

17:55:06.920 [debug] handled notification client -> server textDocument/didChange in 1ms

17:55:07.155 [debug] handled notification client -> server textDocument/didChange in 843µs

17:55:07.454 [debug] handled notification client -> server textDocument/didChange in 1ms

17:55:07.820 [debug] handled notification client -> server textDocument/didChange in 608µs

17:55:07.945 [debug] handled notification client -> server textDocument/didChange in 706µs

17:55:08.084 [debug] handled notification client -> server textDocument/didChange in 6ms

17:55:08.212 [debug] handled notification client -> server textDocument/didChange in 728µs

17:55:09.497 [debug] handled notification client -> server textDocument/didChange in 642µs

17:55:09.658 [debug] handled notification client -> server textDocument/didChange in 2ms

17:55:11.641 [debug] handled notification client -> server textDocument/didChange in 607µs

17:55:11.660 [debug] handled notification client -> server textDocument/didChange in 5ms

17:55:12.243 [debug] handled notification client -> server $/cancelRequest in 65ms

17:55:12.727 id=194 [debug] sent request server -> client window/workDoneProgress/create

17:55:12.730 [debug] sent notification server -> client $/progress

17:55:12.732 [debug] handled notification client -> server textDocument/didSave in 410ms

17:55:13.072 [debug] sent notification server -> client $/progress

17:55:13.073 [debug] sent notification server -> client window/logMessage

17:55:13.073 [info] Compiled advent!

17:57:32.670 id=3 [debug] handled request client -> server textDocument/formatting in 7ms

17:57:32.825 id=210 [debug] sent request server -> client window/workDoneProgress/create

17:57:32.832 [debug] handled notification client -> server textDocument/didSave in 7ms

17:57:32.860 [debug] sent notification server -> client $/progress

17:57:33.163 [debug] sent notification server -> client $/progress

17:57:33.163 [debug] sent notification server -> client window/logMessage

17:57:33.163 [info] Compiled advent!

17:57:50.763 id=4 [debug] handled request client -> server textDocument/formatting in 11ms

17:57:50.909 id=226 [debug] sent request server -> client window/workDoneProgress/create

17:57:50.912 [debug] handled notification client -> server textDocument/didSave in 8ms

17:57:51.051 [debug] sent notification server -> client $/progress

17:57:51.051 [debug] sent notification server -> client window/logMessage

17:57:51.052 [info] Compiled advent!

17:57:51.100 id=5 [debug] handled request client -> server shutdown in 41ms

17:57:51.438 [debug] sent notification server -> client $/progress

17:57:51.458 [debug] sent notification server -> client window/logMessage

17:57:51.461 [info] The runtime for advent has successfully shut down.

19:03:59.244 [info] Loading 148 CA(s) from :otp store

19:04:00.906 id=1 [debug] handled request client -> server initialize in 1037ms

19:04:00.991 [debug] handled notification client -> server textDocument/didOpen in 59ms

19:04:00.997 [debug] sent notification server -> client window/logMessage

19:04:01.034 [debug] NextLS v0.23.4 has initialized!

19:04:01.034 [debug] sent notification server -> client window/logMessage

19:04:01.034 [debug] Log file located at /home/bmoldy/Work/ProgrammingPractice/advent/lib/2015/.elixir-tools/next-ls.log

19:04:01.076 [debug] sent notification server -> client window/logMessage

19:04:01.079 [info] [extension] Credo initializing with options %NextLS.InitOpts.Extensions.Credo{enable: true, cli_options: []}

19:04:02.138 [debug] handled notification client -> server textDocument/didChange in 266ms

19:04:02.138 [debug] handled notification client -> server textDocument/didChange in 93ms

19:04:02.138 [debug] handled notification client -> server textDocument/didChange in 507ms

19:04:02.201 [debug] handled notification client -> server textDocument/didChange in 887µs

19:04:02.352 [debug] handled notification client -> server textDocument/didChange in 492µs

19:04:02.506 [debug] handled notification client -> server textDocument/didChange in 585µs

19:04:02.656 [debug] handled notification client -> server textDocument/didChange in 493µs

19:04:03.146 [debug] handled notification client -> server textDocument/didChange in 527µs

19:04:05.483 [debug] handled notification client -> server $/cancelRequest in 5ms

19:04:05.915 [debug] handled notification client -> server textDocument/didSave in 17ms

19:04:11.734 [debug] sent notification server -> client window/logMessage

19:04:11.734 [debug] Booting runtimes...

19:04:11.762 id=818 [debug] sent request server -> client window/workDoneProgress/create

19:04:11.788 [debug] sent notification server -> client $/progress

19:04:12.116 [debug] sent notification server -> client window/logMessage

19:04:12.117 [info] Beginning DB migration...

19:04:12.224 [debug] sent notification server -> client window/logMessage

19:04:12.224 [info] Database is on the latest version: 7

19:04:12.224 [debug] sent notification server -> client window/logMessage

19:04:12.224 [info] Finished DB migration...

19:04:12.225 [debug] sent notification server -> client window/logMessage

19:04:12.225 [info] Booting runtime for advent.

- elixir: /home/bmoldy/.local/share/mise/installs/elixir/1.19.2-otp-28/bin/elixir
- zombie wrapper script: /home/bmoldy/.local/share/.burrito/next_ls_erts-15.2_0.23.4/lib/next_ls-0.23.4/priv/cmd
- working_dir: /home/bmoldy/Work/ProgrammingPractice/advent
- command: /home/bmoldy/.local/share/mise/installs/elixir/1.19.2-otp-28/bin/elixir --no-halt --sname nextls-runtime-1764378252223827491 --cookie HHYKTHK2JHVUZI3HDBMAF64GPJFPN4AV4Y7CQDE27SSFQKZPVAFQ==== -S mix loadpaths --no-compile

Environment: 

LSP=nextls
NEXTLS_PARENT_PID=g1h3Im5leHQtbHMtMTc2NDM3ODIzOTQwMjkzNzQ2N0BibW9sZHkAAADyAAAAAGkqRoA=
MIX_ENV=dev
MIX_TARGET=host
MIX_BUILD_ROOT=.elixir-tools/_build
ROOTDIR=false
BINDIR=false
RELEASE_ROOT=false
RELEASE_SYS_CONFIG=false
PATH=/home/bmoldy/.local/share/mise/installs/elixir/1.19.2-otp-28/bin:/home/bmoldy/.local/share/.burrito/next_ls_erts-15.2_0.23.4/bin:/home/bmoldy/.local/share/nvim/mason/bin:/home/bmoldy/Work/ProgrammingPractice/advent/lib/2015/bin:/home/bmoldy/.local/share/mise/installs/elixir/1.19.2-otp-28/bin:/home/bmoldy/.local/share/mise/installs/elixir/1.19.2-otp-28/.mix/escripts:/home/bmoldy/.local/share/mise/installs/erlang/28.1.1/bin:/home/bmoldy/.local/share/omarchy/bin/:/usr/local/sbin:/usr/local/bin:/usr/bin:/usr/lib/jvm/default/bin:/usr/bin/site_perl:/usr/bin/vendor_perl:/usr/bin/core_perl


19:04:12.238 [debug] handled notification client -> server initialized in 11306ms

19:04:13.418 [debug] sent notification server -> client window/logMessage

19:04:13.418 [info] Connected to node nextls-runtime-1764378252223827491@bmoldy

19:04:16.452 [debug] sent notification server -> client $/progress

19:04:16.458 [debug] sent notification server -> client window/logMessage

19:04:16.459 [debug] Runtime for folder advent is ready...

19:04:16.480 id=914 [debug] sent request server -> client window/workDoneProgress/create

19:04:16.488 [debug] sent notification server -> client $/progress

19:04:16.729 [debug] sent notification server -> client window/logMessage

19:04:16.729 [info] Compiling 1 file (.ex)


19:04:16.744 id=930 [debug] sent request server -> client window/workDoneProgress/create

19:04:16.748 [debug] sent notification server -> client $/progress

19:04:16.913 [debug] sent notification server -> client window/logMessage

19:04:16.913 [info] Generated advent app


19:04:16.924 [debug] sent notification server -> client $/progress

19:04:16.925 [debug] sent notification server -> client window/logMessage

19:04:16.925 [info] Compiled advent!

19:04:16.962 [debug] sent notification server -> client $/progress

19:04:43.109 [debug] handled notification client -> server textDocument/didChange in 972µs

19:04:44.351 [debug] handled notification client -> server textDocument/didChange in 1ms

19:04:44.881 [debug] handled notification client -> server textDocument/didChange in 563µs

19:04:45.077 [debug] handled notification client -> server textDocument/didChange in 1ms

19:04:49.145 [debug] handled notification client -> server textDocument/didChange in 2ms

19:04:49.728 [debug] handled notification client -> server textDocument/didChange in 1ms

19:04:49.964 [debug] handled notification client -> server textDocument/didChange in 1ms

19:04:50.301 [debug] handled notification client -> server textDocument/didChange in 814µs

19:04:50.473 [debug] handled notification client -> server textDocument/didChange in 1ms

19:04:51.046 [debug] handled notification client -> server textDocument/didChange in 887µs

19:04:51.573 [debug] handled notification client -> server textDocument/didChange in 517µs

19:04:53.041 [debug] handled notification client -> server textDocument/didChange in 565µs

19:04:55.242 [debug] handled notification client -> server textDocument/didChange in 1ms

19:04:55.404 [debug] handled notification client -> server textDocument/didChange in 541µs

19:04:55.573 [debug] handled notification client -> server textDocument/didChange in 744µs

19:04:55.900 [debug] handled notification client -> server textDocument/didChange in 500µs

19:05:01.922 [debug] handled notification client -> server textDocument/didChange in 893µs

19:05:02.678 [debug] handled notification client -> server textDocument/didChange in 555µs

19:05:02.828 [debug] handled notification client -> server textDocument/didChange in 556µs

19:05:03.785 [debug] handled notification client -> server textDocument/didChange in 611µs

19:05:04.688 [debug] handled notification client -> server textDocument/didChange in 608µs

19:05:05.593 [debug] handled notification client -> server textDocument/didChange in 505µs

19:05:06.109 [debug] handled notification client -> server textDocument/didChange in 1ms

19:05:06.815 [debug] handled notification client -> server textDocument/didChange in 571µs

19:05:07.794 [debug] handled notification client -> server textDocument/didChange in 1ms

19:05:08.862 [debug] handled notification client -> server textDocument/didChange in 626µs

19:05:09.475 [debug] handled notification client -> server textDocument/didChange in 989µs

19:05:09.618 [debug] handled notification client -> server textDocument/didChange in 879µs

19:05:09.842 [debug] handled notification client -> server textDocument/didChange in 533µs

19:05:10.036 [debug] handled notification client -> server textDocument/didChange in 3ms

19:05:10.956 [debug] handled notification client -> server textDocument/didChange in 528µs

19:05:11.117 [debug] handled notification client -> server textDocument/didChange in 1ms

19:05:11.274 [debug] handled notification client -> server textDocument/didChange in 2ms

19:05:11.496 [debug] handled notification client -> server textDocument/didChange in 589µs

19:05:11.864 [debug] handled notification client -> server textDocument/didChange in 2ms

19:05:12.249 [debug] handled notification client -> server textDocument/didChange in 2ms

19:05:13.146 [debug] handled notification client -> server textDocument/didChange in 506µs

19:05:14.401 [debug] handled notification client -> server textDocument/didChange in 871µs

19:05:15.237 [debug] handled notification client -> server textDocument/didChange in 4ms

19:05:16.513 [debug] handled notification client -> server textDocument/didChange in 563µs

19:05:18.694 [debug] handled notification client -> server textDocument/didChange in 909µs

19:05:19.179 [debug] handled notification client -> server textDocument/didChange in 542µs

19:05:19.361 [debug] handled notification client -> server textDocument/didChange in 716µs

19:05:19.517 [debug] handled notification client -> server textDocument/didChange in 513µs

19:05:19.688 [debug] handled notification client -> server textDocument/didChange in 900µs

19:05:19.923 [debug] handled notification client -> server textDocument/didChange in 917µs

19:05:20.074 [debug] handled notification client -> server textDocument/didChange in 514µs

19:05:20.420 [debug] handled notification client -> server textDocument/didChange in 521µs

19:05:20.579 [debug] handled notification client -> server textDocument/didChange in 563µs

19:05:20.739 [debug] handled notification client -> server textDocument/didChange in 924µs

19:05:20.988 [debug] handled notification client -> server textDocument/didChange in 3ms

19:05:21.799 [debug] handled notification client -> server textDocument/didChange in 526µs

19:05:23.231 [debug] handled notification client -> server textDocument/didChange in 749µs

19:05:25.999 [debug] handled notification client -> server textDocument/didChange in 502µs

19:05:26.453 [debug] handled notification client -> server textDocument/didChange in 622µs

19:05:26.784 [debug] handled notification client -> server textDocument/didChange in 526µs

19:05:27.183 [debug] handled notification client -> server textDocument/didChange in 849µs

19:05:27.826 [debug] handled notification client -> server textDocument/didChange in 583µs

19:05:28.412 [debug] handled notification client -> server textDocument/didChange in 2ms

19:05:28.552 [debug] handled notification client -> server textDocument/didChange in 584µs

19:05:28.967 [debug] handled notification client -> server textDocument/didChange in 869µs

19:05:29.814 [debug] handled notification client -> server textDocument/didChange in 558µs

19:05:35.258 [debug] handled notification client -> server textDocument/didChange in 886µs

19:05:35.497 [debug] handled notification client -> server textDocument/didChange in 563µs

19:05:35.821 [debug] handled notification client -> server textDocument/didChange in 1ms

19:05:36.694 [debug] handled notification client -> server textDocument/didChange in 550µs

19:05:37.210 [debug] handled notification client -> server textDocument/didChange in 621µs

19:05:37.912 [debug] handled notification client -> server textDocument/didChange in 904µs

19:05:38.336 [debug] handled notification client -> server textDocument/didChange in 759µs

19:05:38.536 [debug] handled notification client -> server textDocument/didChange in 926µs

19:05:39.102 [debug] handled notification client -> server textDocument/didChange in 3ms

19:05:39.492 [debug] handled notification client -> server textDocument/didChange in 676µs

19:05:40.805 [debug] handled notification client -> server textDocument/didChange in 1ms

19:05:42.468 [debug] handled notification client -> server textDocument/didChange in 572µs

19:05:42.661 [debug] handled notification client -> server textDocument/didChange in 2ms

19:05:43.882 [debug] handled notification client -> server textDocument/didChange in 1ms

19:05:46.906 [debug] handled notification client -> server textDocument/didChange in 2ms

19:05:47.072 [debug] handled notification client -> server textDocument/didChange in 3ms

19:05:48.412 [debug] handled notification client -> server textDocument/didChange in 3ms

19:05:50.030 [debug] handled notification client -> server textDocument/didChange in 1ms

19:05:52.158 [debug] handled notification client -> server textDocument/didChange in 595µs

19:05:53.579 [debug] handled notification client -> server textDocument/didChange in 652µs

19:05:56.124 id=3 [debug] handled request client -> server textDocument/formatting in 7ms

19:05:56.230 id=946 [debug] sent request server -> client window/workDoneProgress/create

19:05:56.233 [debug] handled notification client -> server textDocument/didSave in 3ms

19:05:56.266 [debug] sent notification server -> client $/progress

19:05:56.285 [debug] sent notification server -> client window/logMessage

19:05:56.285 [info] Compiling 1 file (.ex)


19:05:56.291 id=67 [debug] sent request server -> client window/workDoneProgress/create

19:05:56.303 [debug] sent notification server -> client $/progress

19:05:56.438 [debug] sent notification server -> client window/logMessage

19:05:56.439 [info] Generated advent app


19:05:56.445 [debug] sent notification server -> client $/progress

19:05:56.446 [debug] sent notification server -> client window/logMessage

19:05:56.447 [info] Compiled advent!

19:05:56.472 [debug] sent notification server -> client $/progress

19:07:41.927 [debug] handled notification client -> server textDocument/didChange in 685µs

19:07:42.112 [debug] handled notification client -> server textDocument/didChange in 2ms

19:07:42.323 [debug] handled notification client -> server textDocument/didChange in 5ms

19:07:42.568 [debug] handled notification client -> server textDocument/didChange in 572µs

19:07:44.420 id=4 [debug] handled request client -> server textDocument/formatting in 4ms

19:07:44.533 id=962 [debug] sent request server -> client window/workDoneProgress/create

19:07:44.538 [debug] handled notification client -> server textDocument/didSave in 7ms

19:07:44.585 [debug] sent notification server -> client $/progress

19:07:44.663 [debug] sent notification server -> client window/logMessage

19:07:44.663 [info] Compiling 1 file (.ex)


19:07:44.671 id=978 [debug] sent request server -> client window/workDoneProgress/create

19:07:44.725 [debug] sent notification server -> client $/progress

19:07:44.792 [debug] sent notification server -> client window/logMessage

19:07:44.793 [info] Generated advent app


19:07:44.797 [debug] sent notification server -> client $/progress

19:07:44.797 [debug] sent notification server -> client window/logMessage

19:07:44.797 [info] Compiled advent!

19:07:44.835 [debug] sent notification server -> client $/progress

19:08:01.352 [debug] handled notification client -> server textDocument/didChange in 670µs

19:08:02.426 [debug] handled notification client -> server textDocument/didChange in 1ms

19:08:02.808 [debug] handled notification client -> server textDocument/didChange in 512µs

19:08:02.947 [debug] handled notification client -> server textDocument/didChange in 580µs

19:08:03.653 [debug] handled notification client -> server textDocument/didChange in 651µs

19:08:04.927 [debug] handled notification client -> server textDocument/didChange in 530µs

19:08:05.932 [debug] handled notification client -> server textDocument/didChange in 861µs

19:08:07.885 [debug] handled notification client -> server textDocument/didChange in 494µs

19:08:08.255 [debug] handled notification client -> server textDocument/didChange in 477µs

19:08:08.499 [debug] handled notification client -> server textDocument/didChange in 1ms

19:08:08.657 [debug] handled notification client -> server textDocument/didChange in 2ms

19:08:09.094 [debug] handled notification client -> server textDocument/didChange in 1ms

19:08:09.376 [debug] handled notification client -> server textDocument/didChange in 709µs

19:08:09.538 [debug] handled notification client -> server textDocument/didChange in 941µs

19:08:10.036 [debug] handled notification client -> server textDocument/didChange in 767µs

19:08:12.041 id=5 [debug] handled request client -> server textDocument/formatting in 5ms

19:08:12.288 id=994 [debug] sent request server -> client window/workDoneProgress/create

19:08:12.299 [debug] handled notification client -> server textDocument/didSave in 24ms

19:08:12.304 [debug] sent notification server -> client $/progress

19:08:12.453 [debug] sent notification server -> client window/logMessage

19:08:12.453 [info] Compiling 1 file (.ex)


19:08:12.457 id=1010 [debug] sent request server -> client window/workDoneProgress/create

19:08:12.461 [debug] sent notification server -> client $/progress

19:08:12.531 [debug] sent notification server -> client window/logMessage

19:08:12.531 [info] Generated advent app


19:08:12.536 [debug] sent notification server -> client $/progress

19:08:12.536 [debug] sent notification server -> client window/logMessage

19:08:12.536 [info] Compiled advent!

19:08:12.630 [debug] sent notification server -> client $/progress

19:09:41.305 [debug] handled notification client -> server textDocument/didChange in 5ms

19:09:41.740 [debug] handled notification client -> server textDocument/didChange in 594µs

19:09:42.283 [debug] handled notification client -> server textDocument/didChange in 1ms

19:09:43.837 [debug] handled notification client -> server textDocument/didChange in 3ms

19:09:44.025 [debug] handled notification client -> server textDocument/didChange in 1ms

19:09:44.881 [debug] handled notification client -> server textDocument/didChange in 504µs

19:09:45.040 [debug] handled notification client -> server textDocument/didChange in 1ms

19:09:45.210 [debug] handled notification client -> server textDocument/didChange in 1ms

19:09:45.396 [debug] handled notification client -> server textDocument/didChange in 1ms

19:09:45.608 [debug] handled notification client -> server textDocument/didChange in 466µs

19:09:46.601 [debug] handled notification client -> server textDocument/didChange in 551µs

19:09:46.994 [debug] handled notification client -> server textDocument/didChange in 536µs

19:09:47.567 [debug] handled notification client -> server textDocument/didChange in 561µs

19:09:47.727 [debug] handled notification client -> server textDocument/didChange in 1ms

19:09:48.476 [debug] handled notification client -> server textDocument/didChange in 2ms

19:09:48.829 [debug] handled notification client -> server textDocument/didChange in 669µs

19:09:49.346 [debug] handled notification client -> server textDocument/didChange in 878µs

19:09:51.640 [debug] handled notification client -> server textDocument/didChange in 912µs

19:09:51.789 [debug] handled notification client -> server textDocument/didChange in 1ms

19:09:51.957 [debug] handled notification client -> server textDocument/didChange in 830µs

19:09:52.108 [debug] handled notification client -> server textDocument/didChange in 1ms

19:09:52.254 [debug] handled notification client -> server textDocument/didChange in 1ms

19:09:52.404 [debug] handled notification client -> server textDocument/didChange in 1ms

19:09:52.553 [debug] handled notification client -> server textDocument/didChange in 881µs

19:09:53.580 [debug] handled notification client -> server textDocument/didChange in 1ms

19:09:54.622 [debug] handled notification client -> server textDocument/didChange in 1ms

19:09:54.938 [debug] handled notification client -> server textDocument/didChange in 570µs

19:09:55.114 [debug] handled notification client -> server textDocument/didChange in 526µs

19:09:56.883 [debug] handled notification client -> server textDocument/didChange in 536µs

19:09:58.609 [debug] handled notification client -> server textDocument/didChange in 966µs

19:09:59.402 [debug] handled notification client -> server textDocument/didChange in 3ms

19:09:59.898 [debug] handled notification client -> server textDocument/didChange in 579µs

19:10:00.086 [debug] handled notification client -> server textDocument/didChange in 588µs

19:10:00.246 [debug] handled notification client -> server textDocument/didChange in 573µs

19:10:01.924 [debug] handled notification client -> server textDocument/didChange in 871µs

19:10:02.312 [debug] handled notification client -> server textDocument/didChange in 679µs

19:10:02.991 [debug] handled notification client -> server textDocument/didChange in 868µs

19:10:03.796 [debug] handled notification client -> server textDocument/didChange in 550µs

19:10:05.027 [debug] handled notification client -> server textDocument/didChange in 2ms

19:10:05.181 [debug] handled notification client -> server textDocument/didChange in 517µs

19:10:05.391 [debug] handled notification client -> server textDocument/didChange in 624µs

19:10:05.558 [debug] handled notification client -> server textDocument/didChange in 2ms

19:10:06.047 [debug] handled notification client -> server textDocument/didChange in 518µs

19:10:06.244 [debug] handled notification client -> server textDocument/didChange in 497µs

19:10:06.692 [debug] handled notification client -> server textDocument/didChange in 540µs

19:10:08.953 [debug] handled notification client -> server textDocument/didChange in 1ms

19:10:10.834 id=6 [debug] handled request client -> server textDocument/formatting in 6ms

19:10:10.960 id=1026 [debug] sent request server -> client window/workDoneProgress/create

19:10:10.960 [debug] handled notification client -> server textDocument/didSave in 8ms

19:10:11.061 [debug] sent notification server -> client window/logMessage

19:10:11.062 [info] Compiling 1 file (.ex)


19:10:11.081 [debug] sent notification server -> client $/progress

19:10:11.083 id=1042 [debug] sent request server -> client window/workDoneProgress/create

19:10:11.085 [debug] sent notification server -> client $/progress

19:10:11.159 [debug] sent notification server -> client window/logMessage

19:10:11.161 [info] Generated advent app


19:10:11.164 [debug] sent notification server -> client $/progress

19:10:11.164 [debug] sent notification server -> client window/logMessage

19:10:11.165 [info] Compiled advent!

19:10:11.218 [debug] sent notification server -> client $/progress

19:11:08.517 [debug] handled notification client -> server textDocument/didChange in 875µs

19:11:09.093 [debug] handled notification client -> server textDocument/didChange in 3ms

19:11:09.437 [debug] handled notification client -> server textDocument/didChange in 1ms

19:11:10.393 [debug] handled notification client -> server textDocument/didChange in 499µs

19:11:10.954 [debug] handled notification client -> server textDocument/didChange in 3ms

19:11:11.158 [debug] handled notification client -> server textDocument/didChange in 551µs

19:11:11.310 [debug] handled notification client -> server textDocument/didChange in 1ms

19:11:11.974 [debug] handled notification client -> server textDocument/didChange in 853µs

19:11:12.205 [debug] handled notification client -> server textDocument/didChange in 933µs

19:11:12.612 [debug] handled notification client -> server textDocument/didChange in 852µs

19:11:12.759 [debug] handled notification client -> server textDocument/didChange in 527µs

19:11:12.916 [debug] handled notification client -> server textDocument/didChange in 520µs

19:11:13.063 [debug] handled notification client -> server textDocument/didChange in 657µs

19:11:13.210 [debug] handled notification client -> server textDocument/didChange in 683µs

19:11:13.433 [debug] handled notification client -> server textDocument/didChange in 791µs

19:11:13.565 [debug] handled notification client -> server textDocument/didChange in 524µs

19:11:13.729 [debug] handled notification client -> server textDocument/didChange in 926µs

19:11:14.366 [debug] handled notification client -> server textDocument/didChange in 1ms

19:11:15.439 id=7 [debug] handled request client -> server textDocument/formatting in 3ms

19:11:15.674 id=1058 [debug] sent request server -> client window/workDoneProgress/create

19:11:15.680 [debug] handled notification client -> server textDocument/didSave in 12ms

19:11:15.703 [debug] sent notification server -> client window/logMessage

19:11:15.704 [info] Compiling 1 file (.ex)


19:11:15.717 id=1074 [debug] sent request server -> client window/workDoneProgress/create

19:11:15.723 [debug] sent notification server -> client $/progress

19:11:15.732 [debug] sent notification server -> client $/progress

19:11:15.827 [debug] sent notification server -> client window/logMessage

19:11:15.827 [info] 
== Compilation error in file lib/2015/Day1.ex ==
** (UndefinedFunctionError) function Day1.solve/0 is undefined or private. Did you mean:

    * solve1/0

    (advent 0.1.0) Day1.solve()
    lib/2015/Day1.ex:7: (file)
    (elixir 1.19.2) lib/kernel/parallel_compiler.ex:529: anonymous fn/5 in Kernel.ParallelCompiler.spawn_workers/8


19:11:15.834 [debug] sent notification server -> client $/progress

19:11:15.834 [debug] sent notification server -> client window/logMessage

19:11:15.834 [info] Compiled advent!

19:11:15.841 [debug] sent notification server -> client textDocument/publishDiagnostics

19:11:15.893 [debug] sent notification server -> client $/progress

19:11:20.518 [debug] handled notification client -> server textDocument/didChange in 897µs

19:11:21.634 id=8 [debug] handled request client -> server textDocument/formatting in 10ms

19:11:21.866 id=1090 [debug] sent request server -> client window/workDoneProgress/create

19:11:21.867 [debug] handled notification client -> server textDocument/didSave in 9ms

19:11:21.884 [debug] sent notification server -> client $/progress

19:11:21.933 [debug] sent notification server -> client window/logMessage

19:11:21.933 [info] Compiling 1 file (.ex)


19:11:21.939 id=1106 [debug] sent request server -> client window/workDoneProgress/create

19:11:21.952 [debug] sent notification server -> client $/progress

19:11:22.017 [debug] sent notification server -> client window/logMessage

19:11:22.017 [info] 
== Compilation error in file lib/2015/Day1.ex ==
** (File.Error) could not read file "../2015/inputs/day1.txt": no such file or directory
    (elixir 1.19.2) lib/file.ex:435: File.read!/1
    (advent 0.1.0) lib/2015/Day1.ex:3: Day1.solve1/0
    lib/2015/Day1.ex:7: (file)


19:11:22.038 [debug] sent notification server -> client $/progress

19:11:22.038 [debug] sent notification server -> client window/logMessage

19:11:22.038 [info] Compiled advent!

19:11:22.039 [debug] sent notification server -> client textDocument/publishDiagnostics

19:11:22.045 [debug] sent notification server -> client textDocument/publishDiagnostics

19:11:22.128 [debug] sent notification server -> client $/progress

19:12:01.557 id=9 [debug] handled request client -> server textDocument/formatting in 6ms

19:12:01.787 id=1122 [debug] sent request server -> client window/workDoneProgress/create

19:12:01.791 [debug] handled notification client -> server textDocument/didSave in 6ms

19:12:01.838 [debug] sent notification server -> client $/progress

19:12:02.023 [debug] sent notification server -> client window/logMessage

19:12:02.024 [info] Compiling 1 file (.ex)


19:12:02.033 id=1138 [debug] sent request server -> client window/workDoneProgress/create

19:12:02.072 [debug] sent notification server -> client $/progress

19:12:02.085 [debug] sent notification server -> client window/logMessage

19:12:02.086 [info] 
== Compilation error in file lib/2015/Day1.ex ==
** (File.Error) could not read file "../2015/inputs/day1.txt": no such file or directory
    (elixir 1.19.2) lib/file.ex:435: File.read!/1
    (advent 0.1.0) lib/2015/Day1.ex:3: Day1.solve1/0
    lib/2015/Day1.ex:7: (file)


19:12:02.105 [debug] sent notification server -> client $/progress

19:12:02.107 [debug] sent notification server -> client window/logMessage

19:12:02.107 [info] Compiled advent!

19:12:02.109 [debug] sent notification server -> client textDocument/publishDiagnostics

19:12:02.110 [debug] sent notification server -> client textDocument/publishDiagnostics

19:12:02.225 [debug] sent notification server -> client $/progress

19:12:09.256 [debug] handled notification client -> server textDocument/didChange in 560µs

19:12:10.378 [debug] handled notification client -> server textDocument/didChange in 1ms

19:12:10.385 [debug] handled notification client -> server textDocument/didChange in 759µs

19:12:10.389 id=10 [debug] handled request client -> server textDocument/formatting in 4ms

19:12:10.608 id=1154 [debug] sent request server -> client window/workDoneProgress/create

19:12:10.609 [debug] handled notification client -> server textDocument/didSave in 2ms

19:12:10.650 [debug] sent notification server -> client $/progress

19:12:10.650 [debug] sent notification server -> client window/logMessage

19:12:10.651 [info] Compiling 1 file (.ex)


19:12:10.661 id=1170 [debug] sent request server -> client window/workDoneProgress/create

19:12:10.668 [debug] sent notification server -> client $/progress

19:12:10.731 [debug] sent notification server -> client window/logMessage

19:12:10.732 [info] Generated advent app


19:12:10.740 [debug] sent notification server -> client $/progress

19:12:10.740 [debug] sent notification server -> client window/logMessage

19:12:10.741 [info] Compiled advent!

19:12:10.741 [debug] sent notification server -> client textDocument/publishDiagnostics

19:12:10.742 [debug] sent notification server -> client textDocument/publishDiagnostics

19:12:10.808 [debug] sent notification server -> client $/progress

19:18:53.881 [debug] handled notification client -> server textDocument/didOpen in 1ms

19:18:54.274 [debug] handled notification client -> server textDocument/didClose in 7ms

19:21:58.154 id=11 [debug] handled request client -> server shutdown in 20ms
